-------------------------------------------------------------------------------
Test set: se.kth.iv1350.groceryStore.controller.ScanItemTest
-------------------------------------------------------------------------------
Tests run: 2, Failures: 0, Errors: 1, Skipped: 0, Time elapsed: 0.012 s <<< FAILURE! - in se.kth.iv1350.groceryStore.controller.ScanItemTest
testInizializePayment  Time elapsed: 0.008 s  <<< ERROR!
java.lang.NullPointerException: Cannot invoke "se.kth.iv1350.groceryStore.controller.Controller.inizializePayment(double)" because "instance" is null
	at se.kth.iv1350.groceryStore.controller.ScanItemTest.testInizializePayment(ScanItemTest.java:54)

