<?xml version="1.0" encoding="UTF-8"?>
<testsuite xmlns:xsi="http://www.w3.org/2001/XMLSchema-instance" xsi:noNamespaceSchemaLocation="https://maven.apache.org/surefire/maven-surefire-plugin/xsd/surefire-test-report.xsd" name="se.kth.iv1350.groceryStore.controller.ScanItemTest" time="0.012" tests="2" errors="1" skipped="0" failures="0">
  <properties>
[...]
</properties>
  <testcase name="testInizializePayment" classname="se.kth.iv1350.groceryStore.controller.ScanItemTest" time="0.008">
    <error message="Cannot invoke &quot;se.kth.iv1350.groceryStore.controller.Controller.inizializePayment(double)&quot; because &quot;instance&quot; is null" type="java.lang.NullPointerException">java.lang.NullPointerException: Cannot invoke "se.kth.iv1350.groceryStore.controller.Controller.inizializePayment(double)" because "instance" is null
	at se.kth.iv1350.groceryStore.controller.ScanItemTest.testInizializePayment(ScanItemTest.java:54)
</error>
    <system-out><![CDATA[inizializePayment
]]></system-out>
  </testcase>
  <testcase name="testScanItem" classname="se.kth.iv1350.groceryStore.controller.ScanItemTest" time="0.001"/>
</testsuite>